C:\Users\ohshima\Desktop\cos-sim-16-0803\cos-sim\Debug\cl.command.1.tlog
C:\Users\ohshima\Desktop\cos-sim-16-0803\cos-sim\Debug\CL.read.1.tlog
C:\Users\ohshima\Desktop\cos-sim-16-0803\cos-sim\Debug\CL.write.1.tlog
C:\USERS\OHSHIMA\DESKTOP\COS-SIM-16-0803\COS-SIM\DEBUG\COS-SIM.EXE.EMBED.MANIFEST
C:\USERS\OHSHIMA\DESKTOP\COS-SIM-16-0803\COS-SIM\DEBUG\COS-SIM.EXE.EMBED.MANIFEST.RES
C:\USERS\OHSHIMA\DESKTOP\COS-SIM-16-0803\COS-SIM\DEBUG\COS-SIM.EXE.INTERMEDIATE.MANIFEST
C:\USERS\OHSHIMA\DESKTOP\COS-SIM-16-0803\COS-SIM\DEBUG\COS-SIM.OBJ
C:\Users\ohshima\Desktop\cos-sim-16-0803\cos-sim\Debug\cos-sim.vcxprojResolveAssemblyReference.cache
C:\Users\ohshima\Desktop\cos-sim-16-0803\cos-sim\Debug\cos-sim.write.1.tlog
C:\Users\ohshima\Desktop\cos-sim-16-0803\cos-sim\Debug\cos-sim_manifest.rc
C:\Users\ohshima\Desktop\cos-sim-16-0803\cos-sim\Debug\link.5112.read.1.tlog
C:\Users\ohshima\Desktop\cos-sim-16-0803\cos-sim\Debug\link.5112.write.1.tlog
C:\Users\ohshima\Desktop\cos-sim-16-0803\cos-sim\Debug\link.5112-cvtres.read.1.tlog
C:\Users\ohshima\Desktop\cos-sim-16-0803\cos-sim\Debug\link.5112-cvtres.write.1.tlog
C:\Users\ohshima\Desktop\cos-sim-16-0803\cos-sim\Debug\link.command.1.tlog
C:\Users\ohshima\Desktop\cos-sim-16-0803\cos-sim\Debug\link.read.1.tlog
C:\Users\ohshima\Desktop\cos-sim-16-0803\cos-sim\Debug\link.write.1.tlog
C:\Users\ohshima\Desktop\cos-sim-16-0803\cos-sim\Debug\link-cvtres.read.1.tlog
C:\Users\ohshima\Desktop\cos-sim-16-0803\cos-sim\Debug\link-cvtres.write.1.tlog
C:\Users\ohshima\Desktop\cos-sim-16-0803\cos-sim\Debug\mt.command.1.tlog
C:\Users\ohshima\Desktop\cos-sim-16-0803\cos-sim\Debug\mt.read.1.tlog
C:\Users\ohshima\Desktop\cos-sim-16-0803\cos-sim\Debug\mt.write.1.tlog
C:\Users\ohshima\Desktop\cos-sim-16-0803\cos-sim\Debug\rc.command.1.tlog
C:\Users\ohshima\Desktop\cos-sim-16-0803\cos-sim\Debug\rc.read.1.tlog
C:\Users\ohshima\Desktop\cos-sim-16-0803\cos-sim\Debug\rc.write.1.tlog
C:\Users\ohshima\Desktop\cos-sim-16-0803\cos-sim\Debug\vc100.idb
C:\USERS\OHSHIMA\DESKTOP\COS-SIM-16-0803\COS-SIM\DEBUG\VC100.PDB
C:\USERS\OHSHIMA\DESKTOP\COS-SIM-16-0803\DEBUG\COS-SIM.EXE
C:\USERS\OHSHIMA\DESKTOP\COS-SIM-16-0803\DEBUG\COS-SIM.ILK
C:\USERS\OHSHIMA\DESKTOP\COS-SIM-16-0803\DEBUG\COS-SIM.PDB
